[2026-04-29 08:12:22] [INFO] Ano 2023: Início do processamento
[2026-04-29 08:12:22] [INFO] Ano 2023: Tentativa de download/importação 1/3
[2026-04-29 08:12:39] [INFO] Ano 2023: Dados brutos carregados: 217625 linhas, 408 colunas
[2026-04-29 08:12:39] [INFO] Ano 2023: Base final gerada: 178476 escolas ativas, 12 variáveis
[2026-04-29 10:33:49] [INFO] Ano 2023: Início do processamento
[2026-04-29 10:33:49] [INFO] Ano 2023: Tentativa de download/importação 1/3
[2026-04-29 10:34:06] [INFO] Ano 2023: Dados brutos carregados: 217625 linhas, 408 colunas
[2026-04-29 10:34:06] [INFO] Ano 2023: Base final gerada: 178476 escolas ativas, 12 variáveis
[2026-04-29 11:36:09] [INFO] Ano 2023: Início do processamento
[2026-04-29 11:36:09] [INFO] Ano 2023: Tentativa de download/importação 1/3
[2026-04-29 11:36:27] [INFO] Ano 2023: Dados brutos carregados: 217625 linhas, 408 colunas
[2026-04-29 11:36:27] [INFO] Ano 2023: Base final gerada: 178476 escolas ativas, 12 variáveis
[2026-04-29 11:54:08] [INFO] Ano 2023: Início do processamento
[2026-04-29 11:54:08] [INFO] Ano 2023: Tentativa de download/importação 1/3
[2026-04-29 11:54:37] [INFO] Ano 2023: Dados brutos carregados: 217625 linhas, 408 colunas
[2026-04-29 11:54:37] [INFO] Ano 2023: Base final gerada: 178476 escolas ativas, 12 variáveis
[2026-04-29 11:59:46] [INFO] Ano 2023: Início do processamento
[2026-04-29 11:59:46] [INFO] Ano 2023: Tentativa de download/importação 1/3
[2026-04-29 11:59:46] [ERRO] Ano 2023: Erro: zip error: Failed to set mtime on `microdados_censo_escolar_2023/` while extracting `C:\Users\jacov\OneDrive\Documentos\projetos\2025_CEM\georedus_r\inep-escolas-geo\dados\02_originais\microdados_censo_escolar_2023.zip` in file zip.c:307
[2026-04-29 11:59:46] [NOVA TENTATIVA] Ano 2023: Aguardando 2s antes da próxima tentativa
[2026-04-29 11:59:49] [INFO] Ano 2023: Tentativa de download/importação 2/3
[2026-04-29 12:00:06] [INFO] Ano 2023: Dados brutos carregados: 217625 linhas, 408 colunas
[2026-04-29 12:00:07] [INFO] Ano 2023: Base final gerada: 178476 escolas ativas, 12 variáveis
[2026-04-29 12:04:43] [INFO] Ano 2023: Início do processamento
[2026-04-29 12:04:43] [INFO] Ano 2023: Tentativa de download/importação 1/3
[2026-04-29 12:05:00] [INFO] Ano 2023: Dados brutos carregados: 217625 linhas, 408 colunas
[2026-04-29 12:05:00] [INFO] Ano 2023: Base final gerada: 178476 escolas ativas, 12 variáveis
[2026-04-29 12:07:14] [INFO] Ano 2023: Início do processamento
[2026-04-29 12:07:14] [INFO] Ano 2023: Tentativa de download/importação 1/3
[2026-04-29 12:07:31] [INFO] Ano 2023: Dados brutos carregados: 217625 linhas, 408 colunas
[2026-04-29 12:07:31] [INFO] Ano 2023: Base final gerada: 178476 escolas ativas, 12 variáveis
[2026-04-29 12:10:12] [INFO] Ano 2023: Início do processamento
[2026-04-29 12:10:12] [INFO] Ano 2023: Tentativa de download/importação 1/3
[2026-04-29 12:10:32] [INFO] Ano 2023: Dados brutos carregados: 217625 linhas, 408 colunas
[2026-04-29 12:10:32] [INFO] Ano 2023: Base final gerada: 178476 escolas ativas, 12 variáveis
[2026-04-29 12:15:11] [INFO] Ano 2023: Início do processamento
[2026-04-29 12:15:11] [INFO] Ano 2023: Tentativa de download/importação 1/3
[2026-04-29 12:15:28] [INFO] Ano 2023: Dados brutos carregados: 217625 linhas, 408 colunas
[2026-04-29 12:15:28] [INFO] Ano 2023: Base final gerada: 178476 escolas ativas, 12 variáveis
